2026-06-19T05:46:55.8835090Z Current runner version: '2.335.1'
2026-06-19T05:46:55.8868220Z ##[group]Runner Image Provisioner
2026-06-19T05:46:55.8868810Z Hosted Compute Agent
2026-06-19T05:46:55.8869170Z Version: 20260527.539
2026-06-19T05:46:55.8869580Z Commit: a891dd388383b896fa6ac04a82c0b75cec981078
2026-06-19T05:46:55.8870240Z Build Date: 2026-05-27T21:39:57Z
2026-06-19T05:46:55.8870930Z Worker ID: {edea8d97-c970-4934-a829-c6fd93452404}
2026-06-19T05:46:55.8871450Z Azure Region: westus
2026-06-19T05:46:55.8871940Z ##[endgroup]
2026-06-19T05:46:55.8873470Z ##[group]Operating System
2026-06-19T05:46:55.8873890Z macOS
2026-06-19T05:46:55.8874230Z 15.7.7
2026-06-19T05:46:55.8874550Z 24G720
2026-06-19T05:46:55.8874870Z ##[endgroup]
2026-06-19T05:46:55.8875210Z ##[group]Runner Image
2026-06-19T05:46:55.8875570Z Image: macos-15-arm64
2026-06-19T05:46:55.8875970Z Version: 20260610.0126.1
2026-06-19T05:46:55.8876920Z Included Software: https://github.com/actions/runner-images/blob/macos-15-arm64/20260610.0126/images/macos/macos-15-arm64-Readme.md
2026-06-19T05:46:55.8877960Z Image Release: https://github.com/actions/runner-images/releases/tag/macos-15-arm64%2F20260610.0126
2026-06-19T05:46:55.8878590Z ##[endgroup]
2026-06-19T05:46:55.8879390Z ##[group]GITHUB_TOKEN Permissions
2026-06-19T05:46:55.8881470Z Contents: read
2026-06-19T05:46:55.8882900Z Metadata: read
2026-06-19T05:46:55.8883900Z Packages: read
2026-06-19T05:46:55.8884840Z ##[endgroup]
2026-06-19T05:46:55.8887880Z Secret source: Actions
2026-06-19T05:46:55.8888390Z Prepare workflow directory
2026-06-19T05:46:55.9153830Z Prepare all required actions
2026-06-19T05:46:55.9182460Z Getting action download info
2026-06-19T05:46:56.1831470Z Download action repository 'actions/checkout@v4' (SHA:34e114876b0b11c390a56381ad16ebd13914f8d5)
2026-06-19T05:46:56.4389350Z Download action repository 'actions/setup-node@v4' (SHA:49933ea5288caeca8642d1e84afbd3f7d6820020)
2026-06-19T05:46:56.5391230Z Download action repository 'actions/setup-python@v5' (SHA:a26af69be951a213d495a4c3e4e4022e16d87065)
2026-06-19T05:46:56.6141800Z Download action repository 'actions/cache@v4' (SHA:0057852bfaa89a56745cba8c7296529d2fc39830)
2026-06-19T05:46:56.6842080Z Download action repository 'actions/upload-artifact@v4' (SHA:ea165f8d65b6e75b540449e92b4886f43607fa02)
2026-06-19T05:46:56.8816230Z Complete job name: build (macos-latest, TCGScraper-macOS, dist/*.dmg, npx electron-builder --mac --publish never)
2026-06-19T05:46:56.9314490Z Node 20 is being deprecated. This workflow is running with Node 24 by default. If you need to temporarily use Node 20, you can set the ACTIONS_ALLOW_USE_UNSECURE_NODE_VERSION=true environment variable. For more information see: https://github.blog/changelog/2025-09-19-deprecation-of-node-20-on-github-actions-runners/
2026-06-19T05:46:56.9336440Z ##[group]Run actions/checkout@v4
2026-06-19T05:46:56.9337530Z with:
2026-06-19T05:46:56.9337900Z   repository: jdenaro98/masterset
2026-06-19T05:46:56.9341400Z   token: ***
2026-06-19T05:46:56.9341720Z   ssh-strict: true
2026-06-19T05:46:56.9342040Z   ssh-user: git
2026-06-19T05:46:56.9342510Z   persist-credentials: true
2026-06-19T05:46:56.9342870Z   clean: true
2026-06-19T05:46:56.9343200Z   sparse-checkout-cone-mode: true
2026-06-19T05:46:56.9343600Z   fetch-depth: 1
2026-06-19T05:46:56.9343930Z   fetch-tags: false
2026-06-19T05:46:56.9344390Z   show-progress: true
2026-06-19T05:46:56.9344790Z   lfs: false
2026-06-19T05:46:56.9345190Z   submodules: false
2026-06-19T05:46:56.9345520Z   set-safe-directory: true
2026-06-19T05:46:56.9346300Z ##[endgroup]
2026-06-19T05:46:57.4563890Z Syncing repository: jdenaro98/masterset
2026-06-19T05:46:57.4566200Z ##[group]Getting Git version info
2026-06-19T05:46:57.4566820Z Working directory is '/Users/runner/work/masterset/masterset'
2026-06-19T05:46:57.4577060Z [command]/opt/homebrew/bin/git version
2026-06-19T05:46:57.4896420Z git version 2.54.0
2026-06-19T05:46:57.5047870Z ##[endgroup]
2026-06-19T05:46:57.5056900Z Copying '/Users/runner/.gitconfig' to '/Users/runner/work/_temp/70438028-e001-41d2-b1d2-0b909084b64d/.gitconfig'
2026-06-19T05:46:57.5064660Z Temporarily overriding HOME='/Users/runner/work/_temp/70438028-e001-41d2-b1d2-0b909084b64d' before making global git config changes
2026-06-19T05:46:57.5068210Z Adding repository directory to the temporary git global config as a safe directory
2026-06-19T05:46:57.5071970Z [command]/opt/homebrew/bin/git config --global --add safe.directory /Users/runner/work/masterset/masterset
2026-06-19T05:46:57.5180630Z Deleting the contents of '/Users/runner/work/masterset/masterset'
2026-06-19T05:46:57.5184620Z ##[group]Initializing the repository
2026-06-19T05:46:57.5185560Z [command]/opt/homebrew/bin/git init /Users/runner/work/masterset/masterset
2026-06-19T05:46:57.5499470Z hint: Using 'master' as the name for the initial branch. This default branch name
2026-06-19T05:46:57.5501560Z hint: will change to "main" in Git 3.0. To configure the initial branch name
2026-06-19T05:46:57.5502600Z hint: to use in all of your new repositories, which will suppress this warning,
2026-06-19T05:46:57.5504750Z hint: call:
2026-06-19T05:46:57.5505690Z hint:
2026-06-19T05:46:57.5506260Z hint: 	git config --global init.defaultBranch <name>
2026-06-19T05:46:57.5506940Z hint:
2026-06-19T05:46:57.5507650Z hint: Names commonly chosen instead of 'master' are 'main', 'trunk' and
2026-06-19T05:46:57.5509440Z hint: 'development'. The just-created branch can be renamed via this command:
2026-06-19T05:46:57.5510460Z hint:
2026-06-19T05:46:57.5511110Z hint: 	git branch -m <name>
2026-06-19T05:46:57.5511620Z hint:
2026-06-19T05:46:57.5512310Z hint: Disable this message with "git config set advice.defaultBranchName false"
2026-06-19T05:46:57.5528330Z Initialized empty Git repository in /Users/runner/work/masterset/masterset/.git/
2026-06-19T05:46:57.5530460Z [command]/opt/homebrew/bin/git remote add origin https://github.com/jdenaro98/masterset
2026-06-19T05:46:57.5590430Z ##[endgroup]
2026-06-19T05:46:57.5592810Z ##[group]Disabling automatic garbage collection
2026-06-19T05:46:57.5595870Z [command]/opt/homebrew/bin/git config --local gc.auto 0
2026-06-19T05:46:57.5655630Z ##[endgroup]
2026-06-19T05:46:57.5656360Z ##[group]Setting up auth
2026-06-19T05:46:57.5657460Z [command]/opt/homebrew/bin/git config --local --name-only --get-regexp core\.sshCommand
2026-06-19T05:46:57.5785550Z [command]/opt/homebrew/bin/git submodule foreach --recursive sh -c "git config --local --name-only --get-regexp 'core\.sshCommand' && git config --local --unset-all 'core.sshCommand' || :"
2026-06-19T05:46:57.6936050Z [command]/opt/homebrew/bin/git config --local --name-only --get-regexp http\.https\:\/\/github\.com\/\.extraheader
2026-06-19T05:46:57.7013890Z [command]/opt/homebrew/bin/git submodule foreach --recursive sh -c "git config --local --name-only --get-regexp 'http\.https\:\/\/github\.com\/\.extraheader' && git config --local --unset-all 'http.https://github.com/.extraheader' || :"
2026-06-19T05:46:57.7656330Z [command]/opt/homebrew/bin/git config --local --name-only --get-regexp ^includeIf\.gitdir:
2026-06-19T05:46:57.7701750Z [command]/opt/homebrew/bin/git submodule foreach --recursive git config --local --show-origin --name-only --get-regexp remote.origin.url
2026-06-19T05:46:57.8415310Z [command]/opt/homebrew/bin/git config --local http.https://github.com/.extraheader AUTHORIZATION: basic ***
2026-06-19T05:46:57.8475440Z ##[endgroup]
2026-06-19T05:46:57.8476710Z ##[group]Fetching the repository
2026-06-19T05:46:57.8478380Z [command]/opt/homebrew/bin/git -c protocol.version=2 fetch --no-tags --prune --no-recurse-submodules --depth=1 origin +f8ee02db9dbabc96be7dbc96a1241af9a3fc54b6:refs/tags/vtemp1
2026-06-19T05:46:59.1741950Z From https://github.com/jdenaro98/masterset
2026-06-19T05:46:59.1744920Z  * [new ref]         f8ee02db9dbabc96be7dbc96a1241af9a3fc54b6 -> vtemp1
2026-06-19T05:46:59.1874340Z ##[endgroup]
2026-06-19T05:46:59.1874890Z ##[group]Determining the checkout info
2026-06-19T05:46:59.1876560Z ##[endgroup]
2026-06-19T05:46:59.1877340Z [command]/opt/homebrew/bin/git sparse-checkout disable
2026-06-19T05:46:59.1947900Z [command]/opt/homebrew/bin/git config --local --unset-all extensions.worktreeConfig
2026-06-19T05:46:59.2024510Z ##[group]Checking out the ref
2026-06-19T05:46:59.2025210Z [command]/opt/homebrew/bin/git checkout --progress --force refs/tags/vtemp1
2026-06-19T05:46:59.4415740Z HEAD is now at f8ee02d mac build fixes
2026-06-19T05:46:59.4423630Z ##[endgroup]
2026-06-19T05:46:59.4509930Z [command]/opt/homebrew/bin/git log -1 --format=%H
2026-06-19T05:46:59.4587150Z f8ee02db9dbabc96be7dbc96a1241af9a3fc54b6
2026-06-19T05:46:59.4766720Z Node 20 is being deprecated. This workflow is running with Node 24 by default. If you need to temporarily use Node 20, you can set the ACTIONS_ALLOW_USE_UNSECURE_NODE_VERSION=true environment variable. For more information see: https://github.blog/changelog/2025-09-19-deprecation-of-node-20-on-github-actions-runners/
2026-06-19T05:46:59.4767940Z ##[group]Run actions/setup-node@v4
2026-06-19T05:46:59.4768190Z with:
2026-06-19T05:46:59.4768350Z   node-version: 22
2026-06-19T05:46:59.4768520Z   cache: npm
2026-06-19T05:46:59.4768700Z   always-auth: false
2026-06-19T05:46:59.4768900Z   check-latest: false
2026-06-19T05:46:59.4771380Z   token: ***
2026-06-19T05:46:59.4771550Z ##[endgroup]
2026-06-19T05:46:59.6007110Z (node:1202) [DEP0040] DeprecationWarning: The `punycode` module is deprecated. Please use a userland alternative instead.
2026-06-19T05:46:59.6008280Z (Use `node --trace-deprecation ...` to show where the warning was created)
2026-06-19T05:46:59.6009190Z Found in cache @ /Users/runner/hostedtoolcache/node/22.22.3/arm64
2026-06-19T05:46:59.6009850Z ##[group]Environment details
2026-06-19T05:46:59.9986130Z node: v22.22.3
2026-06-19T05:46:59.9986380Z npm: 10.9.8
2026-06-19T05:46:59.9986530Z yarn: 1.22.22
2026-06-19T05:46:59.9987030Z ##[endgroup]
2026-06-19T05:47:00.0024120Z [command]/Users/runner/hostedtoolcache/node/22.22.3/arm64/bin/npm config get cache
2026-06-19T05:47:00.1888170Z /Users/runner/.npm
2026-06-19T05:47:00.2798470Z npm cache is not found
2026-06-19T05:47:00.3022390Z ##[group]Run npm ci
2026-06-19T05:47:00.3022720Z [36;1mnpm ci[0m
2026-06-19T05:47:00.3073620Z shell: /bin/bash -e {0}
2026-06-19T05:47:00.3073920Z ##[endgroup]
2026-06-19T05:47:01.4993260Z npm warn deprecated rimraf@2.6.3: Rimraf versions prior to v4 are no longer supported
2026-06-19T05:47:01.8360820Z npm warn deprecated inflight@1.0.6: This module is not supported, and leaks memory. Do not use it. Check out lru-cache if you want a good and tested way to coalesce async requests by a key value, which is much more comprehensive and powerful.
2026-06-19T05:47:01.9077080Z npm warn deprecated glob@7.2.3: Old versions of glob are not supported, and contain widely publicized security vulnerabilities, which have been fixed in the current version. Please update. Support for old versions may be purchased (at exorbitant rates) by contacting i@izs.me
2026-06-19T05:47:02.4987920Z npm warn deprecated boolean@3.2.0: Package no longer supported. Contact Support at https://www.npmjs.com/support for more info.
2026-06-19T05:47:04.5570660Z 
2026-06-19T05:47:04.5571640Z > masterset@1.0.0 postinstall
2026-06-19T05:47:04.5572110Z > electron-rebuild -f -w node-pty
2026-06-19T05:47:04.5572410Z 
2026-06-19T05:47:04.6430490Z Searching dependency tree
2026-06-19T05:47:04.6636980Z Building modules: node-pty
2026-06-19T05:47:10.1392550Z ✔ Rebuild Complete
2026-06-19T05:47:10.1640390Z 
2026-06-19T05:47:10.1644150Z added 356 packages, and audited 357 packages in 10s
2026-06-19T05:47:10.1645700Z 
2026-06-19T05:47:10.1749650Z 66 packages are looking for funding
2026-06-19T05:47:10.1851550Z   run `npm fund` for details
2026-06-19T05:47:10.1888380Z 
2026-06-19T05:47:10.1938990Z 1 high severity vulnerability
2026-06-19T05:47:10.2040670Z 
2026-06-19T05:47:10.2143100Z To address all issues, run:
2026-06-19T05:47:10.2168920Z   npm audit fix
2026-06-19T05:47:10.2173620Z 
2026-06-19T05:47:10.2293000Z Run `npm audit` for details.
2026-06-19T05:47:10.3109540Z ##[group]Run npx electron-rebuild -f -w node-pty
2026-06-19T05:47:10.3110150Z [36;1mnpx electron-rebuild -f -w node-pty[0m
2026-06-19T05:47:10.3184690Z shell: /bin/bash -e {0}
2026-06-19T05:47:10.3185760Z ##[endgroup]
2026-06-19T05:47:10.9766530Z Searching dependency tree
2026-06-19T05:47:11.0069410Z Building modules: node-pty
2026-06-19T05:47:13.0342210Z ✔ Rebuild Complete
2026-06-19T05:47:13.0622800Z Node 20 is being deprecated. This workflow is running with Node 24 by default. If you need to temporarily use Node 20, you can set the ACTIONS_ALLOW_USE_UNSECURE_NODE_VERSION=true environment variable. For more information see: https://github.blog/changelog/2025-09-19-deprecation-of-node-20-on-github-actions-runners/
2026-06-19T05:47:13.0624030Z ##[group]Run actions/setup-python@v5
2026-06-19T05:47:13.0624250Z with:
2026-06-19T05:47:13.0624520Z   python-version: 3.11
2026-06-19T05:47:13.0624780Z   check-latest: false
2026-06-19T05:47:13.0627480Z   token: ***
2026-06-19T05:47:13.0627760Z   update-environment: true
2026-06-19T05:47:13.0628010Z   allow-prereleases: false
2026-06-19T05:47:13.0628300Z   freethreaded: false
2026-06-19T05:47:13.0628640Z ##[endgroup]
2026-06-19T05:47:13.2391580Z ##[group]Installed versions
2026-06-19T05:47:13.2491410Z (node:2341) [DEP0040] DeprecationWarning: The `punycode` module is deprecated. Please use a userland alternative instead.
2026-06-19T05:47:13.2493830Z (Use `node --trace-deprecation ...` to show where the warning was created)
2026-06-19T05:47:13.2494960Z Successfully set up CPython (3.11.9)
2026-06-19T05:47:13.2496310Z ##[endgroup]
2026-06-19T05:47:13.2660170Z ##[group]Run pip install pyinstaller playwright requests
2026-06-19T05:47:13.2660590Z [36;1mpip install pyinstaller playwright requests[0m
2026-06-19T05:47:13.2740730Z shell: /bin/bash -e {0}
2026-06-19T05:47:13.2741000Z env:
2026-06-19T05:47:13.2741340Z   pythonLocation: /Users/runner/hostedtoolcache/Python/3.11.9/arm64
2026-06-19T05:47:13.2741840Z   PKG_CONFIG_PATH: /Users/runner/hostedtoolcache/Python/3.11.9/arm64/lib/pkgconfig
2026-06-19T05:47:13.2742300Z   Python_ROOT_DIR: /Users/runner/hostedtoolcache/Python/3.11.9/arm64
2026-06-19T05:47:13.2742790Z   Python2_ROOT_DIR: /Users/runner/hostedtoolcache/Python/3.11.9/arm64
2026-06-19T05:47:13.2743160Z   Python3_ROOT_DIR: /Users/runner/hostedtoolcache/Python/3.11.9/arm64
2026-06-19T05:47:13.2743480Z ##[endgroup]
2026-06-19T05:47:14.4841810Z WARNING: Cache entry deserialization failed, entry ignored
2026-06-19T05:47:14.6227280Z Collecting pyinstaller
2026-06-19T05:47:14.6625090Z   Downloading pyinstaller-6.21.0-py3-none-macosx_10_13_universal2.whl.metadata (8.5 kB)
2026-06-19T05:47:14.6996690Z Collecting playwright
2026-06-19T05:47:14.7044790Z   Downloading playwright-1.60.0-py3-none-macosx_11_0_arm64.whl.metadata (3.5 kB)
2026-06-19T05:47:14.7227500Z Collecting requests
2026-06-19T05:47:14.7265460Z   Downloading requests-2.34.2-py3-none-any.whl.metadata (4.8 kB)
2026-06-19T05:47:14.7384350Z Collecting altgraph (from pyinstaller)
2026-06-19T05:47:14.7419320Z   Downloading altgraph-0.17.5-py2.py3-none-any.whl.metadata (7.5 kB)
2026-06-19T05:47:14.7564860Z Collecting macholib>=1.8 (from pyinstaller)
2026-06-19T05:47:14.7605530Z   Downloading macholib-1.16.4-py2.py3-none-any.whl.metadata (12 kB)
2026-06-19T05:47:14.7773230Z Collecting packaging>=22.0 (from pyinstaller)
2026-06-19T05:47:14.7811290Z   Downloading packaging-26.2-py3-none-any.whl.metadata (3.5 kB)
2026-06-19T05:47:14.7954680Z Collecting pyinstaller-hooks-contrib>=2026.6 (from pyinstaller)
2026-06-19T05:47:14.7992800Z   Downloading pyinstaller_hooks_contrib-2026.6-py3-none-any.whl.metadata (16 kB)
2026-06-19T05:47:14.8042720Z Requirement already satisfied: setuptools>=42.0.0 in /Library/Frameworks/Python.framework/Versions/3.11/lib/python3.11/site-packages (from pyinstaller) (65.5.0)
2026-06-19T05:47:14.8129360Z Collecting pyee<14,>=13 (from playwright)
2026-06-19T05:47:14.8162920Z   Downloading pyee-13.0.1-py3-none-any.whl.metadata (3.0 kB)
2026-06-19T05:47:14.8990720Z Collecting greenlet<4.0.0,>=3.1.1 (from playwright)
2026-06-19T05:47:14.9049900Z   Downloading greenlet-3.5.2-cp311-cp311-macosx_11_0_universal2.whl.metadata (3.8 kB)
2026-06-19T05:47:14.9201120Z Collecting typing-extensions (from pyee<14,>=13->playwright)
2026-06-19T05:47:14.9252530Z   Downloading typing_extensions-4.15.0-py3-none-any.whl.metadata (3.3 kB)
2026-06-19T05:47:14.9740480Z Collecting charset_normalizer<4,>=2 (from requests)
2026-06-19T05:47:14.9776450Z   Downloading charset_normalizer-3.4.7-cp311-cp311-macosx_10_9_universal2.whl.metadata (40 kB)
2026-06-19T05:47:14.9900620Z Collecting idna<4,>=2.5 (from requests)
2026-06-19T05:47:14.9934130Z   Downloading idna-3.18-py3-none-any.whl.metadata (6.1 kB)
2026-06-19T05:47:15.0065000Z Collecting urllib3<3,>=1.26 (from requests)
2026-06-19T05:47:15.0099200Z   Downloading urllib3-2.7.0-py3-none-any.whl.metadata (6.9 kB)
2026-06-19T05:47:15.0130850Z Requirement already satisfied: certifi>=2023.5.7 in /Library/Frameworks/Python.framework/Versions/3.11/lib/python3.11/site-packages (from requests) (2026.5.20)
2026-06-19T05:47:15.0228290Z Downloading pyinstaller-6.21.0-py3-none-macosx_10_13_universal2.whl (1.1 MB)
2026-06-19T05:47:15.0423820Z    ━━━━━━━━━━━━━━━━━━━━━━━━━━━━━━━━━━━━━━━━ 1.1/1.1 MB 50.7 MB/s  0:00:00
2026-06-19T05:47:15.0561270Z Downloading playwright-1.60.0-py3-none-macosx_11_0_arm64.whl (42.3 MB)
2026-06-19T05:47:15.2588950Z    ━━━━━━━━━━━━━━━━━━━━━━━━━━━━━━━━━━━━━━━━ 42.3/42.3 MB 211.0 MB/s  0:00:00
2026-06-19T05:47:15.2665910Z Downloading greenlet-3.5.2-cp311-cp311-macosx_11_0_universal2.whl (286 kB)
2026-06-19T05:47:15.2738060Z Downloading pyee-13.0.1-py3-none-any.whl (15 kB)
2026-06-19T05:47:15.2802220Z Downloading requests-2.34.2-py3-none-any.whl (73 kB)
2026-06-19T05:47:15.2881270Z Downloading charset_normalizer-3.4.7-cp311-cp311-macosx_10_9_universal2.whl (309 kB)
2026-06-19T05:47:15.2957540Z Downloading idna-3.18-py3-none-any.whl (65 kB)
2026-06-19T05:47:15.3029640Z Downloading urllib3-2.7.0-py3-none-any.whl (131 kB)
2026-06-19T05:47:15.3091690Z Downloading macholib-1.16.4-py2.py3-none-any.whl (38 kB)
2026-06-19T05:47:15.3147430Z Downloading altgraph-0.17.5-py2.py3-none-any.whl (21 kB)
2026-06-19T05:47:15.3233900Z Downloading packaging-26.2-py3-none-any.whl (100 kB)
2026-06-19T05:47:15.3301860Z Downloading pyinstaller_hooks_contrib-2026.6-py3-none-any.whl (457 kB)
2026-06-19T05:47:15.3399450Z Downloading typing_extensions-4.15.0-py3-none-any.whl (44 kB)
2026-06-19T05:47:15.3903780Z Installing collected packages: altgraph, urllib3, typing-extensions, packaging, macholib, idna, greenlet, charset_normalizer, requests, pyinstaller-hooks-contrib, pyee, pyinstaller, playwright
2026-06-19T05:47:16.6965820Z 
2026-06-19T05:47:16.7026300Z Successfully installed altgraph-0.17.5 charset_normalizer-3.4.7 greenlet-3.5.2 idna-3.18 macholib-1.16.4 packaging-26.2 playwright-1.60.0 pyee-13.0.1 pyinstaller-6.21.0 pyinstaller-hooks-contrib-2026.6 requests-2.34.2 typing-extensions-4.15.0 urllib3-2.7.0
2026-06-19T05:47:17.0256170Z Node 20 is being deprecated. This workflow is running with Node 24 by default. If you need to temporarily use Node 20, you can set the ACTIONS_ALLOW_USE_UNSECURE_NODE_VERSION=true environment variable. For more information see: https://github.blog/changelog/2025-09-19-deprecation-of-node-20-on-github-actions-runners/
2026-06-19T05:47:17.0257340Z ##[group]Run actions/cache@v4
2026-06-19T05:47:17.0257530Z with:
2026-06-19T05:47:17.0257800Z   path: ~/Library/Caches/ms-playwright
~/.cache/ms-playwright
/ms-playwright

2026-06-19T05:47:17.0258390Z   key: playwright-chromium-macOS-fd506b31d2c9355583d55687f0112f3b189c734c653f247fecbd13b8cb6aa89b
2026-06-19T05:47:17.0258950Z   restore-keys: playwright-chromium-macOS-
2026-06-19T05:47:17.0259200Z   enableCrossOsArchive: false
2026-06-19T05:47:17.0259430Z   fail-on-cache-miss: false
2026-06-19T05:47:17.0259610Z   lookup-only: false
2026-06-19T05:47:17.0259780Z   save-always: false
2026-06-19T05:47:17.0259940Z env:
2026-06-19T05:47:17.0260210Z   pythonLocation: /Users/runner/hostedtoolcache/Python/3.11.9/arm64
2026-06-19T05:47:17.0260620Z   PKG_CONFIG_PATH: /Users/runner/hostedtoolcache/Python/3.11.9/arm64/lib/pkgconfig
2026-06-19T05:47:17.0261470Z   Python_ROOT_DIR: /Users/runner/hostedtoolcache/Python/3.11.9/arm64
2026-06-19T05:47:17.0261850Z   Python2_ROOT_DIR: /Users/runner/hostedtoolcache/Python/3.11.9/arm64
2026-06-19T05:47:17.0262290Z   Python3_ROOT_DIR: /Users/runner/hostedtoolcache/Python/3.11.9/arm64
2026-06-19T05:47:17.0262590Z ##[endgroup]
2026-06-19T05:47:17.1465200Z (node:2351) [DEP0040] DeprecationWarning: The `punycode` module is deprecated. Please use a userland alternative instead.
2026-06-19T05:47:17.1466150Z (Use `node --trace-deprecation ...` to show where the warning was created)
2026-06-19T05:47:17.2141200Z Cache not found for input keys: playwright-chromium-macOS-fd506b31d2c9355583d55687f0112f3b189c734c653f247fecbd13b8cb6aa89b, playwright-chromium-macOS-
2026-06-19T05:47:17.2176290Z ##[group]Run playwright install chromium
2026-06-19T05:47:17.2176620Z [36;1mplaywright install chromium[0m
2026-06-19T05:47:17.2213500Z shell: /bin/bash -e {0}
2026-06-19T05:47:17.2213780Z env:
2026-06-19T05:47:17.2214100Z   pythonLocation: /Users/runner/hostedtoolcache/Python/3.11.9/arm64
2026-06-19T05:47:17.2214680Z   PKG_CONFIG_PATH: /Users/runner/hostedtoolcache/Python/3.11.9/arm64/lib/pkgconfig
2026-06-19T05:47:17.2215190Z   Python_ROOT_DIR: /Users/runner/hostedtoolcache/Python/3.11.9/arm64
2026-06-19T05:47:17.2215580Z   Python2_ROOT_DIR: /Users/runner/hostedtoolcache/Python/3.11.9/arm64
2026-06-19T05:47:17.2216000Z   Python3_ROOT_DIR: /Users/runner/hostedtoolcache/Python/3.11.9/arm64
2026-06-19T05:47:17.2216310Z ##[endgroup]
2026-06-19T05:47:17.5747680Z Downloading Chrome for Testing 148.0.7778.96 (playwright chromium v1223) from https://cdn.playwright.dev/builds/cft/148.0.7778.96/mac-arm64/chrome-mac-arm64.zip
2026-06-19T05:47:18.2079900Z |                                                                                |   0% of 169.2 MiB
2026-06-19T05:47:18.3359470Z |■■■■■■■■                                                                        |  10% of 169.2 MiB
2026-06-19T05:47:18.5256460Z |■■■■■■■■■■■■■■■■                                                                |  20% of 169.2 MiB
2026-06-19T05:47:18.6235190Z |■■■■■■■■■■■■■■■■■■■■■■■■                                                        |  30% of 169.2 MiB
2026-06-19T05:47:18.7148790Z |■■■■■■■■■■■■■■■■■■■■■■■■■■■■■■■■                                                |  40% of 169.2 MiB
2026-06-19T05:47:18.8140370Z |■■■■■■■■■■■■■■■■■■■■■■■■■■■■■■■■■■■■■■■■                                        |  50% of 169.2 MiB
2026-06-19T05:47:18.9227080Z |■■■■■■■■■■■■■■■■■■■■■■■■■■■■■■■■■■■■■■■■■■■■■■■■                                |  60% of 169.2 MiB
2026-06-19T05:47:19.0034470Z |■■■■■■■■■■■■■■■■■■■■■■■■■■■■■■■■■■■■■■■■■■■■■■■■■■■■■■■■                        |  70% of 169.2 MiB
2026-06-19T05:47:19.1173640Z |■■■■■■■■■■■■■■■■■■■■■■■■■■■■■■■■■■■■■■■■■■■■■■■■■■■■■■■■■■■■■■■■                |  80% of 169.2 MiB
2026-06-19T05:47:19.2210610Z |■■■■■■■■■■■■■■■■■■■■■■■■■■■■■■■■■■■■■■■■■■■■■■■■■■■■■■■■■■■■■■■■■■■■■■■■        |  90% of 169.2 MiB
2026-06-19T05:47:19.2957400Z |■■■■■■■■■■■■■■■■■■■■■■■■■■■■■■■■■■■■■■■■■■■■■■■■■■■■■■■■■■■■■■■■■■■■■■■■■■■■■■■■| 100% of 169.2 MiB
2026-06-19T05:47:21.8500750Z Chrome for Testing 148.0.7778.96 (playwright chromium v1223) downloaded to /Users/runner/Library/Caches/ms-playwright/chromium-1223
2026-06-19T05:47:21.8788680Z Downloading FFmpeg (playwright ffmpeg v1011) from https://cdn.playwright.dev/dbazure/download/playwright/builds/ffmpeg/1011/ffmpeg-mac-arm64.zip
2026-06-19T05:47:22.6320030Z |                                                                                |   1% of 1 MiB
2026-06-19T05:47:22.7126680Z |■■■■■■■■                                                                        |  10% of 1 MiB
2026-06-19T05:47:22.7624890Z |■■■■■■■■■■■■■■■■                                                                |  20% of 1 MiB
2026-06-19T05:47:22.7925510Z |■■■■■■■■■■■■■■■■■■■■■■■■                                                        |  30% of 1 MiB
2026-06-19T05:47:22.8127390Z |■■■■■■■■■■■■■■■■■■■■■■■■■■■■■■■■                                                |  40% of 1 MiB
2026-06-19T05:47:22.8327980Z |■■■■■■■■■■■■■■■■■■■■■■■■■■■■■■■■■■■■■■■■                                        |  51% of 1 MiB
2026-06-19T05:47:22.8442570Z |■■■■■■■■■■■■■■■■■■■■■■■■■■■■■■■■■■■■■■■■■■■■■■■■                                |  60% of 1 MiB
2026-06-19T05:47:22.8580820Z |■■■■■■■■■■■■■■■■■■■■■■■■■■■■■■■■■■■■■■■■■■■■■■■■■■■■■■■■                        |  70% of 1 MiB
2026-06-19T05:47:22.8706530Z |■■■■■■■■■■■■■■■■■■■■■■■■■■■■■■■■■■■■■■■■■■■■■■■■■■■■■■■■■■■■■■■■                |  80% of 1 MiB
2026-06-19T05:47:22.8827310Z |■■■■■■■■■■■■■■■■■■■■■■■■■■■■■■■■■■■■■■■■■■■■■■■■■■■■■■■■■■■■■■■■■■■■■■■■        |  91% of 1 MiB
2026-06-19T05:47:22.8915040Z |■■■■■■■■■■■■■■■■■■■■■■■■■■■■■■■■■■■■■■■■■■■■■■■■■■■■■■■■■■■■■■■■■■■■■■■■■■■■■■■■| 100% of 1 MiB
2026-06-19T05:47:22.9162630Z FFmpeg (playwright ffmpeg v1011) downloaded to /Users/runner/Library/Caches/ms-playwright/ffmpeg-1011
2026-06-19T05:47:22.9166330Z Downloading Chrome Headless Shell 148.0.7778.96 (playwright chromium-headless-shell v1223) from https://cdn.playwright.dev/builds/cft/148.0.7778.96/mac-arm64/chrome-headless-shell-mac-arm64.zip
2026-06-19T05:47:23.4513790Z |                                                                                |   0% of 92.4 MiB
2026-06-19T05:47:23.5785710Z |■■■■■■■■                                                                        |  10% of 92.4 MiB
2026-06-19T05:47:23.6431440Z |■■■■■■■■■■■■■■■■                                                                |  20% of 92.4 MiB
2026-06-19T05:47:23.6936950Z |■■■■■■■■■■■■■■■■■■■■■■■■                                                        |  30% of 92.4 MiB
2026-06-19T05:47:23.7658850Z |■■■■■■■■■■■■■■■■■■■■■■■■■■■■■■■■                                                |  40% of 92.4 MiB
2026-06-19T05:47:23.8321150Z |■■■■■■■■■■■■■■■■■■■■■■■■■■■■■■■■■■■■■■■■                                        |  50% of 92.4 MiB
2026-06-19T05:47:23.8835270Z |■■■■■■■■■■■■■■■■■■■■■■■■■■■■■■■■■■■■■■■■■■■■■■■■                                |  60% of 92.4 MiB
2026-06-19T05:47:23.9449510Z |■■■■■■■■■■■■■■■■■■■■■■■■■■■■■■■■■■■■■■■■■■■■■■■■■■■■■■■■                        |  70% of 92.4 MiB
2026-06-19T05:47:24.0448440Z |■■■■■■■■■■■■■■■■■■■■■■■■■■■■■■■■■■■■■■■■■■■■■■■■■■■■■■■■■■■■■■■■                |  80% of 92.4 MiB
2026-06-19T05:47:24.0997780Z |■■■■■■■■■■■■■■■■■■■■■■■■■■■■■■■■■■■■■■■■■■■■■■■■■■■■■■■■■■■■■■■■■■■■■■■■        |  90% of 92.4 MiB
2026-06-19T05:47:24.1510470Z |■■■■■■■■■■■■■■■■■■■■■■■■■■■■■■■■■■■■■■■■■■■■■■■■■■■■■■■■■■■■■■■■■■■■■■■■■■■■■■■■| 100% of 92.4 MiB
2026-06-19T05:47:25.5271450Z Chrome Headless Shell 148.0.7778.96 (playwright chromium-headless-shell v1223) downloaded to /Users/runner/Library/Caches/ms-playwright/chromium_headless_shell-1223
2026-06-19T05:47:25.5605920Z ##[group]Run pyinstaller backend_server.spec --distpath dist --workpath build/pyinstaller --noconfirm
2026-06-19T05:47:25.5606700Z [36;1mpyinstaller backend_server.spec --distpath dist --workpath build/pyinstaller --noconfirm[0m
2026-06-19T05:47:25.5664400Z shell: /bin/bash -e {0}
2026-06-19T05:47:25.5665070Z env:
2026-06-19T05:47:25.5665890Z   pythonLocation: /Users/runner/hostedtoolcache/Python/3.11.9/arm64
2026-06-19T05:47:25.5667160Z   PKG_CONFIG_PATH: /Users/runner/hostedtoolcache/Python/3.11.9/arm64/lib/pkgconfig
2026-06-19T05:47:25.5668150Z   Python_ROOT_DIR: /Users/runner/hostedtoolcache/Python/3.11.9/arm64
2026-06-19T05:47:25.5668600Z   Python2_ROOT_DIR: /Users/runner/hostedtoolcache/Python/3.11.9/arm64
2026-06-19T05:47:25.5669030Z   Python3_ROOT_DIR: /Users/runner/hostedtoolcache/Python/3.11.9/arm64
2026-06-19T05:47:25.5669430Z ##[endgroup]
2026-06-19T05:47:25.8655630Z 116 INFO: PyInstaller: 6.21.0, contrib hooks: 2026.6
2026-06-19T05:47:25.8691010Z 116 INFO: Python: 3.11.9
2026-06-19T05:47:25.8821650Z 136 INFO: Platform: macOS-15.7.7-arm64-arm-64bit
2026-06-19T05:47:25.8822510Z 137 INFO: Python environment: /Library/Frameworks/Python.framework/Versions/3.11
2026-06-19T05:47:25.8859680Z 140 INFO: Module search paths (PYTHONPATH):
2026-06-19T05:47:25.8860300Z ['/Library/Frameworks/Python.framework/Versions/3.11/lib/python311.zip',
2026-06-19T05:47:25.8860910Z  '/Library/Frameworks/Python.framework/Versions/3.11/lib/python3.11',
2026-06-19T05:47:25.8861460Z  '/Library/Frameworks/Python.framework/Versions/3.11/lib/python3.11/lib-dynload',
2026-06-19T05:47:25.8862120Z  '/Library/Frameworks/Python.framework/Versions/3.11/lib/python3.11/site-packages',
2026-06-19T05:47:25.8862640Z  '/Users/runner/work/masterset/masterset/backend',
2026-06-19T05:47:25.8863090Z  '/Users/runner/work/masterset/masterset']
2026-06-19T05:47:25.9851430Z 239 INFO: Appending 'datas' from .spec
2026-06-19T05:47:26.0015680Z 256 INFO: checking Analysis
2026-06-19T05:47:26.0016190Z 256 INFO: Building Analysis because Analysis-00.toc is non existent
2026-06-19T05:47:26.0016710Z 256 INFO: Looking for Python shared library...
2026-06-19T05:47:26.0045950Z 259 INFO: Using Python shared library: /Library/Frameworks/Python.framework/Versions/3.11/Python
2026-06-19T05:47:26.0046540Z 259 INFO: Running Analysis Analysis-00.toc
2026-06-19T05:47:26.0046990Z 259 INFO: Target bytecode optimization level: 0
2026-06-19T05:47:26.0047390Z 259 INFO: Initializing module dependency graph...
2026-06-19T05:47:26.0059340Z 260 INFO: Initializing module graph hook caches...
2026-06-19T05:47:26.0111620Z 266 INFO: Analyzing modules for base_library.zip ...
2026-06-19T05:47:26.4469640Z 701 INFO: Processing standard module hook 'hook-heapq.py' from '/Library/Frameworks/Python.framework/Versions/3.11/lib/python3.11/site-packages/PyInstaller/hooks'
2026-06-19T05:47:26.4911900Z 746 INFO: Processing standard module hook 'hook-encodings.py' from '/Library/Frameworks/Python.framework/Versions/3.11/lib/python3.11/site-packages/PyInstaller/hooks'
2026-06-19T05:47:27.2241700Z 1478 INFO: Processing standard module hook 'hook-math.py' from '/Library/Frameworks/Python.framework/Versions/3.11/lib/python3.11/site-packages/PyInstaller/hooks'
2026-06-19T05:47:27.3694200Z 1621 INFO: Processing standard module hook 'hook-pickle.py' from '/Library/Frameworks/Python.framework/Versions/3.11/lib/python3.11/site-packages/PyInstaller/hooks'
2026-06-19T05:47:28.3452150Z 2600 INFO: Caching module dependency graph...
2026-06-19T05:47:28.3657010Z 2620 INFO: Analyzing /Users/runner/work/masterset/masterset/backend/server.py
2026-06-19T05:47:28.5981670Z 2852 INFO: Processing standard module hook 'hook-multiprocessing.util.py' from '/Library/Frameworks/Python.framework/Versions/3.11/lib/python3.11/site-packages/PyInstaller/hooks'
2026-06-19T05:47:28.6495760Z 2904 INFO: Processing standard module hook 'hook-xml.py' from '/Library/Frameworks/Python.framework/Versions/3.11/lib/python3.11/site-packages/PyInstaller/hooks'
2026-06-19T05:47:28.7870790Z 3041 INFO: Processing standard module hook 'hook-_ctypes.py' from '/Library/Frameworks/Python.framework/Versions/3.11/lib/python3.11/site-packages/PyInstaller/hooks'
2026-06-19T05:47:28.8049640Z 3059 INFO: Processing standard module hook 'hook-urllib3.py' from '/Library/Frameworks/Python.framework/Versions/3.11/lib/python3.11/site-packages/_pyinstaller_hooks_contrib/stdhooks'
2026-06-19T05:47:28.8492720Z 3103 INFO: Processing pre-safe-import-module hook 'hook-backports.py' from '/Library/Frameworks/Python.framework/Versions/3.11/lib/python3.11/site-packages/PyInstaller/hooks/pre_safe_import_module'
2026-06-19T05:47:28.8501060Z 3104 INFO: SetuptoolsInfo: initializing cached setuptools info...
2026-06-19T05:47:29.0546390Z 3309 INFO: Processing pre-safe-import-module hook 'hook-typing_extensions.py' from '/Library/Frameworks/Python.framework/Versions/3.11/lib/python3.11/site-packages/PyInstaller/hooks/pre_safe_import_module'
2026-06-19T05:47:29.5042220Z 3759 INFO: Processing standard module hook 'hook-certifi.py' from '/Library/Frameworks/Python.framework/Versions/3.11/lib/python3.11/site-packages/_pyinstaller_hooks_contrib/stdhooks'
2026-06-19T05:47:29.5231180Z 3777 INFO: Processing standard module hook 'hook-charset_normalizer.py' from '/Library/Frameworks/Python.framework/Versions/3.11/lib/python3.11/site-packages/_pyinstaller_hooks_contrib/stdhooks'
2026-06-19T05:47:29.6075210Z 3862 INFO: Processing standard module hook 'hook-playwright.sync_api.py' from '/Library/Frameworks/Python.framework/Versions/3.11/lib/python3.11/site-packages/playwright/_impl/__pyinstaller'
2026-06-19T05:47:29.9486660Z 4203 INFO: Processing standard module hook 'hook-platform.py' from '/Library/Frameworks/Python.framework/Versions/3.11/lib/python3.11/site-packages/PyInstaller/hooks'
2026-06-19T05:47:30.1998170Z 4454 INFO: Processing module hooks (post-graph stage)...
2026-06-19T05:47:30.2359910Z 4490 INFO: Performing binary vs. data reclassification (2169 entries)
2026-06-19T05:47:30.6432880Z 4898 INFO: Looking for ctypes DLLs
2026-06-19T05:47:30.6501960Z 4905 INFO: Analyzing run-time hooks ...
2026-06-19T05:47:30.6512930Z 4906 INFO: Including run-time hook 'pyi_rth_inspect.py' from '/Library/Frameworks/Python.framework/Versions/3.11/lib/python3.11/site-packages/PyInstaller/hooks/rthooks'
2026-06-19T05:47:30.6525130Z 4907 INFO: Including run-time hook 'pyi_rth_pkgutil.py' from '/Library/Frameworks/Python.framework/Versions/3.11/lib/python3.11/site-packages/PyInstaller/hooks/rthooks'
2026-06-19T05:47:30.6533880Z 4908 INFO: Including run-time hook 'pyi_rth_multiprocessing.py' from '/Library/Frameworks/Python.framework/Versions/3.11/lib/python3.11/site-packages/PyInstaller/hooks/rthooks'
2026-06-19T05:47:30.6778010Z 4932 INFO: Creating base_library.zip...
2026-06-19T05:47:30.6875510Z 4942 INFO: Looking for dynamic libraries
2026-06-19T05:47:30.9047480Z 5159 INFO: Warnings written to /Users/runner/work/masterset/masterset/build/pyinstaller/backend_server/warn-backend_server.txt
2026-06-19T05:47:30.9156080Z 5170 INFO: Graph cross-reference written to /Users/runner/work/masterset/masterset/build/pyinstaller/backend_server/xref-backend_server.html
2026-06-19T05:47:31.0194190Z 5274 INFO: checking PYZ
2026-06-19T05:47:31.0195040Z 5274 INFO: Building PYZ because PYZ-00.toc is non existent
2026-06-19T05:47:31.0196110Z 5274 INFO: Building PYZ (ZlibArchive) /Users/runner/work/masterset/masterset/build/pyinstaller/backend_server/PYZ-00.pyz
2026-06-19T05:47:31.2938740Z 5548 INFO: Building PYZ (ZlibArchive) /Users/runner/work/masterset/masterset/build/pyinstaller/backend_server/PYZ-00.pyz completed successfully.
2026-06-19T05:47:31.2970230Z 5551 INFO: EXE target arch: arm64
2026-06-19T05:47:31.2970730Z 5551 INFO: Code signing identity: None
2026-06-19T05:47:31.2988570Z 5553 INFO: checking PKG
2026-06-19T05:47:31.2990330Z 5553 INFO: Building PKG because PKG-00.toc is non existent
2026-06-19T05:47:31.2991460Z 5553 INFO: Building PKG (CArchive) backend_server.pkg
2026-06-19T05:47:31.3170930Z 5571 INFO: Building PKG (CArchive) backend_server.pkg completed successfully.
2026-06-19T05:47:31.3178670Z 5572 INFO: Bootloader /Library/Frameworks/Python.framework/Versions/3.11/lib/python3.11/site-packages/PyInstaller/bootloader/Darwin-64bit/run
2026-06-19T05:47:31.3179360Z 5572 INFO: checking EXE
2026-06-19T05:47:31.3179740Z 5572 INFO: Building EXE because EXE-00.toc is non existent
2026-06-19T05:47:31.3180230Z 5572 INFO: Building EXE from EXE-00.toc
2026-06-19T05:47:31.3180940Z 5572 INFO: Copying bootloader EXE to /Users/runner/work/masterset/masterset/build/pyinstaller/backend_server/backend_server
2026-06-19T05:47:31.3186600Z 5573 INFO: Converting EXE to target arch (arm64)
2026-06-19T05:47:31.9420040Z 6196 INFO: Removing signature(s) from EXE
2026-06-19T05:47:31.9574740Z 6212 INFO: Modifying Mach-O image UUID(s) in EXE
2026-06-19T05:47:31.9604230Z 6215 INFO: Appending PKG archive to EXE
2026-06-19T05:47:31.9619630Z 6216 INFO: Fixing EXE headers for code signing
2026-06-19T05:47:31.9667520Z 6221 INFO: Rewriting the executable's macOS SDK version (26.2.0) to match the SDK version of the Python library (12.1.0) in order to avoid inconsistent behavior and potential UI issues in the frozen application.
2026-06-19T05:47:31.9672490Z 6222 INFO: Re-signing the EXE
2026-06-19T05:47:31.9886110Z 6243 INFO: Building EXE from EXE-00.toc completed successfully.
2026-06-19T05:47:31.9979590Z 6252 INFO: checking COLLECT
2026-06-19T05:47:31.9980120Z 6252 INFO: Building COLLECT because COLLECT-00.toc is non existent
2026-06-19T05:47:31.9980900Z 6253 INFO: Building COLLECT COLLECT-00.toc
2026-06-19T05:47:36.1030150Z 10356 INFO: Building COLLECT COLLECT-00.toc completed successfully.
2026-06-19T05:47:36.1179200Z 10372 INFO: Build complete! The results are available in: /Users/runner/work/masterset/masterset/dist
2026-06-19T05:47:36.2122790Z ##[group]Run npm run copy:playwright:mac
2026-06-19T05:47:36.2123550Z [36;1mnpm run copy:playwright:mac[0m
2026-06-19T05:47:36.2209020Z shell: /bin/bash -e {0}
2026-06-19T05:47:36.2210030Z env:
2026-06-19T05:47:36.2210400Z   pythonLocation: /Users/runner/hostedtoolcache/Python/3.11.9/arm64
2026-06-19T05:47:36.2210800Z   PKG_CONFIG_PATH: /Users/runner/hostedtoolcache/Python/3.11.9/arm64/lib/pkgconfig
2026-06-19T05:47:36.2212130Z   Python_ROOT_DIR: /Users/runner/hostedtoolcache/Python/3.11.9/arm64
2026-06-19T05:47:36.2212550Z   Python2_ROOT_DIR: /Users/runner/hostedtoolcache/Python/3.11.9/arm64
2026-06-19T05:47:36.2212980Z   Python3_ROOT_DIR: /Users/runner/hostedtoolcache/Python/3.11.9/arm64
2026-06-19T05:47:36.2213420Z ##[endgroup]
2026-06-19T05:47:36.6566580Z 
2026-06-19T05:47:36.6567030Z > masterset@1.0.0 copy:playwright:mac
2026-06-19T05:47:36.6568970Z > python3 -c "import pathlib,shutil; b=sorted(pathlib.Path.home().joinpath('Library','Caches','ms-playwright').glob('chromium-*'))[-1]; dest=pathlib.Path('dist/backend_server/ms-playwright')/b.name; dest.parent.mkdir(parents=True,exist_ok=True); shutil.copytree(str(b),str(dest),dirs_exist_ok=True); print(f'Copied {b.name} -> {dest}')"
2026-06-19T05:47:36.6569990Z 
2026-06-19T05:47:38.1036520Z Copied chromium-1223 -> dist/backend_server/ms-playwright/chromium-1223
2026-06-19T05:47:38.1188600Z ##[group]Run npx electron-builder --mac --publish never
2026-06-19T05:47:38.1189040Z [36;1mnpx electron-builder --mac --publish never[0m
2026-06-19T05:47:38.1224120Z shell: /bin/bash -e {0}
2026-06-19T05:47:38.1224330Z env:
2026-06-19T05:47:38.1224630Z   pythonLocation: /Users/runner/hostedtoolcache/Python/3.11.9/arm64
2026-06-19T05:47:38.1228810Z   PKG_CONFIG_PATH: /Users/runner/hostedtoolcache/Python/3.11.9/arm64/lib/pkgconfig
2026-06-19T05:47:38.1229280Z   Python_ROOT_DIR: /Users/runner/hostedtoolcache/Python/3.11.9/arm64
2026-06-19T05:47:38.1229830Z   Python2_ROOT_DIR: /Users/runner/hostedtoolcache/Python/3.11.9/arm64
2026-06-19T05:47:38.1230260Z   Python3_ROOT_DIR: /Users/runner/hostedtoolcache/Python/3.11.9/arm64
2026-06-19T05:47:38.1230630Z   CSC_IDENTITY_AUTO_DISCOVERY: false
2026-06-19T05:47:38.1230880Z   CSC_LINK: 
2026-06-19T05:47:38.1231200Z   CSC_KEY_PASSWORD: 
2026-06-19T05:47:38.1231430Z ##[endgroup]
2026-06-19T05:47:39.0865680Z   • electron-builder  version=26.8.1 os=24.6.0
2026-06-19T05:47:39.0900110Z   • loaded configuration  file=package.json ("build" field)
2026-06-19T05:47:39.0920040Z   • author is missed in the package.json  appPackageFile=/Users/runner/work/masterset/masterset/package.json
2026-06-19T05:47:39.0923500Z   • @electron/rebuild already used by electron-builder, please consider to remove excess dependency from devDependencies
2026-06-19T05:47:39.0924090Z 
2026-06-19T05:47:39.0924930Z To ensure your native dependencies are always matched electron version, simply add script `"postinstall": "electron-builder install-app-deps" to your `package.json`
2026-06-19T05:47:39.3030430Z   • executing @electron/rebuild  electronVersion=42.3.3 arch=arm64 buildFromSource=false workspaceRoot=/Users/runner/work/masterset/masterset projectDir=./ appDir=./
2026-06-19T05:47:39.3032000Z   • installing native dependencies  arch=arm64
2026-06-19T05:47:39.4001250Z   • preparing       moduleName=node-pty arch=arm64
2026-06-19T05:47:39.4010850Z   • finished        moduleName=node-pty arch=arm64
2026-06-19T05:47:39.4011310Z   • completed installing native dependencies
2026-06-19T05:47:39.4032660Z   • packaging       platform=darwin arch=arm64 electron=42.3.3 appOutDir=dist/mac-arm64
2026-06-19T05:47:39.8994650Z   • downloading     url=https://github.com/electron/electron/releases/download/v42.3.3/electron-v42.3.3-darwin-arm64.zip size=120 MB parts=6
2026-06-19T05:47:40.4254180Z   • downloaded      url=https://github.com/electron/electron/releases/download/v42.3.3/electron-v42.3.3-darwin-arm64.zip duration=952ms
2026-06-19T05:47:42.0686210Z   • asar usage is disabled — this is strongly not recommended  solution=enable asar and use asarUnpack to unpack files that must be externally available
2026-06-19T05:47:42.1623970Z   • searching for node modules  pm=npm searchDir=/Users/runner/work/masterset/masterset
2026-06-19T05:47:46.8862290Z   • asar usage is disabled — this is strongly not recommended  solution=enable asar and use asarUnpack to unpack files that must be externally available
2026-06-19T05:47:46.8865320Z   • empty password will be used for code signing  reason=CSC_KEY_PASSWORD is not defined
2026-06-19T05:47:46.9684590Z   ⨯ /Users/runner/work/masterset/masterset not a file
2026-06-19T05:47:47.0322520Z ##[error]Process completed with exit code 1.
2026-06-19T05:47:47.0520590Z Node 20 is being deprecated. This workflow is running with Node 24 by default. If you need to temporarily use Node 20, you can set the ACTIONS_ALLOW_USE_UNSECURE_NODE_VERSION=true environment variable. For more information see: https://github.blog/changelog/2025-09-19-deprecation-of-node-20-on-github-actions-runners/
2026-06-19T05:47:47.0521790Z Post job cleanup.
2026-06-19T05:47:47.4028190Z [command]/opt/homebrew/bin/git version
2026-06-19T05:47:47.4225390Z git version 2.54.0
2026-06-19T05:47:47.4242830Z Copying '/Users/runner/.gitconfig' to '/Users/runner/work/_temp/01d7a6fa-6fd0-4c04-ad52-fafc9498962d/.gitconfig'
2026-06-19T05:47:47.4248940Z Temporarily overriding HOME='/Users/runner/work/_temp/01d7a6fa-6fd0-4c04-ad52-fafc9498962d' before making global git config changes
2026-06-19T05:47:47.4250040Z Adding repository directory to the temporary git global config as a safe directory
2026-06-19T05:47:47.4252740Z [command]/opt/homebrew/bin/git config --global --add safe.directory /Users/runner/work/masterset/masterset
2026-06-19T05:47:47.4359850Z [command]/opt/homebrew/bin/git config --local --name-only --get-regexp core\.sshCommand
2026-06-19T05:47:47.4419340Z [command]/opt/homebrew/bin/git submodule foreach --recursive sh -c "git config --local --name-only --get-regexp 'core\.sshCommand' && git config --local --unset-all 'core.sshCommand' || :"
2026-06-19T05:47:47.5309090Z [command]/opt/homebrew/bin/git config --local --name-only --get-regexp http\.https\:\/\/github\.com\/\.extraheader
2026-06-19T05:47:47.5357770Z http.https://github.com/.extraheader
2026-06-19T05:47:47.5363710Z [command]/opt/homebrew/bin/git config --local --unset-all http.https://github.com/.extraheader
2026-06-19T05:47:47.5442620Z [command]/opt/homebrew/bin/git submodule foreach --recursive sh -c "git config --local --name-only --get-regexp 'http\.https\:\/\/github\.com\/\.extraheader' && git config --local --unset-all 'http.https://github.com/.extraheader' || :"
2026-06-19T05:47:47.6092940Z [command]/opt/homebrew/bin/git config --local --name-only --get-regexp ^includeIf\.gitdir:
2026-06-19T05:47:47.6153440Z [command]/opt/homebrew/bin/git submodule foreach --recursive git config --local --show-origin --name-only --get-regexp remote.origin.url
2026-06-19T05:47:47.7286450Z Cleaning up orphan processes
2026-06-19T05:47:48.4773190Z ##[warning]Node.js 20 is deprecated. The following actions target Node.js 20 but are being forced to run on Node.js 24: actions/cache@v4, actions/checkout@v4, actions/setup-node@v4, actions/setup-python@v5. For more information see: https://github.blog/changelog/2025-09-19-deprecation-of-node-20-on-github-actions-runners/
